<?xml version="1.0" encoding="UTF-8"?>
<!-- Generated by org.testng.reporters.JUnitXMLReporter -->
<testsuite hostname="Friends-PC" ignored="0" name="User Creation Test" tests="1" failures="1" timestamp="2020-06-29T17:43:47 EDT" time="90.328" errors="0">
  <testcase name="userRegistrationTest" time="66.132" classname="com.automation.testCases.ETestCase001">
    <failure type="java.lang.AssertionError" message="expected [true] but found [false]">
      <![CDATA[java.lang.AssertionError: expected [true] but found [false]
at com.automation.testCases.ETestCase001.userRegistrationTest(ETestCase001.java:89)
at java.util.ArrayList.forEach(ArrayList.java:1257)
... Removed 31 stack frames]]>
    </failure>
  </testcase> <!-- userRegistrationTest -->
</testsuite> <!-- User Creation Test -->
